[2021-11-25T23:24:26.144] [DEBUG] cheese - login => username:zs,password:123456
[2021-11-25T23:24:26.146] [DEBUG] cheese - zs
[2021-11-25T23:24:26.151] [DEBUG] cheese - null
[2021-11-25T23:24:26.152] [DEBUG] cheese - null
[2021-11-25T23:24:49.295] [DEBUG] cheese - login => username:admin,password:123456
[2021-11-25T23:24:49.295] [DEBUG] cheese - admin
[2021-11-25T23:24:49.298] [DEBUG] cheese - null
[2021-11-25T23:24:49.298] [DEBUG] cheese - null
[2021-11-27T09:49:07.593] [DEBUG] cheese - login => username:zsasdasd,password:12322121
[2021-11-27T09:49:07.594] [DEBUG] cheese - zsasdasd
[2021-11-27T09:49:07.612] [DEBUG] cheese - null
[2021-11-27T09:49:07.612] [DEBUG] cheese - null
[2021-11-27T09:49:35.209] [DEBUG] cheese - login => username:zsasd,password:123vsdsdvsdvs
[2021-11-27T09:49:35.209] [DEBUG] cheese - zsasd
[2021-11-27T09:49:35.210] [DEBUG] cheese - null
[2021-11-27T09:49:35.210] [DEBUG] cheese - null
[2021-11-27T09:49:52.111] [DEBUG] cheese - login => username:zssadasd,password:123asdasdsad
[2021-11-27T09:49:52.112] [DEBUG] cheese - zssadasd
[2021-11-27T09:49:52.113] [DEBUG] cheese - null
[2021-11-27T09:49:52.113] [DEBUG] cheese - null
[2021-11-27T09:49:59.752] [DEBUG] cheese - login => username:zsasd,password:123asdasd
[2021-11-27T09:49:59.752] [DEBUG] cheese - zsasd
[2021-11-27T09:49:59.753] [DEBUG] cheese - null
[2021-11-27T09:49:59.753] [DEBUG] cheese - null
[2021-11-27T09:50:05.507] [DEBUG] cheese - login => username:zsasdasd,password:123xzczxcwa
[2021-11-27T09:50:05.507] [DEBUG] cheese - zsasdasd
[2021-11-27T09:50:05.508] [DEBUG] cheese - null
[2021-11-27T09:50:05.508] [DEBUG] cheese - null
[2021-11-27T10:01:28.682] [DEBUG] cheese - login => username:zsasd,password:123asfcasvas
[2021-11-27T10:01:28.683] [DEBUG] cheese - zsasd
[2021-11-27T10:01:28.687] [DEBUG] cheese - null
[2021-11-27T10:01:28.688] [DEBUG] cheese - null
[2021-11-27T10:01:36.740] [DEBUG] cheese - login => username:admin,password:123456
[2021-11-27T10:01:36.740] [DEBUG] cheese - admin
[2021-11-27T10:01:36.743] [DEBUG] cheese - null
[2021-11-27T10:01:36.743] [DEBUG] cheese - null
[2021-11-27T10:09:27.296] [DEBUG] cheese - login => username:admin,password:123456
[2021-11-27T10:09:27.297] [DEBUG] cheese - admin
[2021-11-27T10:09:27.304] [DEBUG] cheese - null
[2021-11-27T10:09:27.304] [DEBUG] cheese - null
[2021-11-27T10:10:17.710] [DEBUG] cheese - login => username:admin,password:123456
[2021-11-27T10:10:17.711] [DEBUG] cheese - admin
[2021-11-27T10:10:17.712] [DEBUG] cheese - null
[2021-11-27T10:10:17.712] [DEBUG] cheese - null
[2021-11-27T10:10:30.405] [DEBUG] cheese - login => username:admin,password:123456
[2021-11-27T10:10:30.405] [DEBUG] cheese - admin
[2021-11-27T10:10:30.407] [DEBUG] cheese - null
[2021-11-27T10:10:30.407] [DEBUG] cheese - null
[2021-11-27T10:20:00.995] [DEBUG] cheese - login => username:admin,password:123456
[2021-11-27T10:20:00.995] [DEBUG] cheese - admin
[2021-11-27T10:20:00.996] [DEBUG] cheese - null
[2021-11-27T10:20:00.997] [DEBUG] cheese - null
[2021-11-27T10:20:04.701] [DEBUG] cheese - login => username:admin,password:123456
[2021-11-27T10:20:04.702] [DEBUG] cheese - admin
[2021-11-27T10:20:04.703] [DEBUG] cheese - null
[2021-11-27T10:20:04.703] [DEBUG] cheese - null
[2021-11-27T10:20:06.452] [DEBUG] cheese - login => username:admin,password:123456
[2021-11-27T10:20:06.452] [DEBUG] cheese - admin
[2021-11-27T10:20:06.453] [DEBUG] cheese - null
[2021-11-27T10:20:06.453] [DEBUG] cheese - null
[2021-11-27T10:41:58.604] [DEBUG] cheese - login => username:admin,password:123456
[2021-11-27T10:41:58.604] [DEBUG] cheese - admin
[2021-11-27T10:41:58.606] [DEBUG] cheese - null
[2021-11-27T10:41:58.606] [DEBUG] cheese - null
[2021-11-27T11:07:39.583] [DEBUG] cheese - login => username:admin,password:123456
[2021-11-27T11:07:39.583] [DEBUG] cheese - admin
[2021-11-27T11:07:39.585] [DEBUG] cheese - null
[2021-11-27T11:07:39.585] [DEBUG] cheese - null
[2021-11-27T11:24:51.868] [DEBUG] cheese - login => username:admin,password:123456
[2021-11-27T11:24:51.868] [DEBUG] cheese - admin
[2021-11-27T11:24:51.870] [DEBUG] cheese - null
[2021-11-27T11:24:51.870] [DEBUG] cheese - null
[2021-11-27T11:37:30.403] [DEBUG] cheese - login => username:admin,password:123456
[2021-11-27T11:37:30.403] [DEBUG] cheese - admin
[2021-11-27T11:37:30.405] [DEBUG] cheese - null
[2021-11-27T11:37:30.405] [DEBUG] cheese - null
[2021-11-27T11:38:18.226] [DEBUG] cheese - login => username:admin,password:123456
[2021-11-27T11:38:18.227] [DEBUG] cheese - admin
[2021-11-27T11:38:18.228] [DEBUG] cheese - null
[2021-11-27T11:38:18.228] [DEBUG] cheese - null
[2021-11-27T23:23:19.762] [DEBUG] cheese - login => username:admin,password:123456
[2021-11-27T23:23:19.763] [DEBUG] cheese - admin
[2021-11-27T23:23:19.770] [DEBUG] cheese - null
[2021-11-27T23:23:19.771] [DEBUG] cheese - null
[2021-11-27T23:26:15.489] [DEBUG] cheese - login => username:admin,password:123456
[2021-11-27T23:26:15.490] [DEBUG] cheese - admin
[2021-11-27T23:26:15.491] [DEBUG] cheese - null
[2021-11-27T23:26:15.491] [DEBUG] cheese - null
[2021-11-27T23:40:26.599] [DEBUG] cheese - login => username:admin,password:123456
[2021-11-27T23:40:26.599] [DEBUG] cheese - admin
[2021-11-27T23:40:26.601] [DEBUG] cheese - null
[2021-11-27T23:40:26.601] [DEBUG] cheese - null
[2021-11-27T23:42:00.533] [DEBUG] cheese - login => username:admin,password:123456
[2021-11-27T23:42:00.533] [DEBUG] cheese - admin
[2021-11-27T23:42:00.535] [DEBUG] cheese - null
[2021-11-27T23:42:00.535] [DEBUG] cheese - null
[2021-11-27T23:43:38.803] [DEBUG] cheese - login => username:admin,password:123456
[2021-11-27T23:43:38.803] [DEBUG] cheese - admin
[2021-11-27T23:43:38.804] [DEBUG] cheese - null
[2021-11-27T23:43:38.804] [DEBUG] cheese - null
[2021-11-27T23:54:14.770] [DEBUG] cheese - login => username:admin,password:123456
[2021-11-27T23:54:14.770] [DEBUG] cheese - admin
[2021-11-27T23:54:14.772] [DEBUG] cheese - null
[2021-11-27T23:54:14.772] [DEBUG] cheese - null
[2021-11-27T23:55:24.759] [DEBUG] cheese - login => username:admin,password:123456
[2021-11-27T23:55:24.759] [DEBUG] cheese - admin
[2021-11-27T23:55:24.760] [DEBUG] cheese - null
[2021-11-27T23:55:24.760] [DEBUG] cheese - null
[2021-11-27T23:59:03.084] [DEBUG] cheese - login => username:admin,password:123456
[2021-11-27T23:59:03.084] [DEBUG] cheese - admin
[2021-11-27T23:59:03.085] [DEBUG] cheese - null
[2021-11-27T23:59:03.085] [DEBUG] cheese - null
[2021-11-28T10:20:27.819] [DEBUG] cheese - login => username:admin,password:123456
[2021-11-28T10:20:27.820] [DEBUG] cheese - admin
[2021-11-28T10:20:27.828] [DEBUG] cheese - null
[2021-11-28T10:20:27.829] [DEBUG] cheese - null
[2021-11-28T10:40:35.219] [DEBUG] cheese - login => username:admin,password:123456
[2021-11-28T10:40:35.219] [DEBUG] cheese - admin
[2021-11-28T10:40:35.221] [DEBUG] cheese - null
[2021-11-28T10:40:35.222] [DEBUG] cheese - null
[2021-11-28T10:42:20.624] [DEBUG] cheese - login => username:admin,password:123456
[2021-11-28T10:42:20.624] [DEBUG] cheese - admin
[2021-11-28T10:42:20.626] [DEBUG] cheese - null
[2021-11-28T10:42:20.626] [DEBUG] cheese - null
[2021-11-28T11:21:41.536] [DEBUG] cheese - login => username:admin,password:123456
[2021-11-28T11:21:41.537] [DEBUG] cheese - admin
[2021-11-28T11:21:41.544] [DEBUG] cheese - null
[2021-11-28T11:21:41.544] [DEBUG] cheese - null
[2021-11-28T14:17:15.148] [DEBUG] cheese - login => username:admin,password:123456
[2021-11-28T14:17:15.149] [DEBUG] cheese - admin
[2021-11-28T14:17:15.156] [DEBUG] cheese - null
[2021-11-28T14:17:15.156] [DEBUG] cheese - null
[2021-11-28T14:21:30.118] [DEBUG] cheese - login => username:admin,password:123456
[2021-11-28T14:21:30.118] [DEBUG] cheese - admin
[2021-11-28T14:21:30.120] [DEBUG] cheese - null
[2021-11-28T14:21:30.120] [DEBUG] cheese - null
[2021-11-28T14:25:15.662] [DEBUG] cheese - login => username:admin,password:123456
[2021-11-28T14:25:15.663] [DEBUG] cheese - admin
[2021-11-28T14:25:15.664] [DEBUG] cheese - null
[2021-11-28T14:25:15.664] [DEBUG] cheese - null
[2021-11-28T19:23:15.793] [DEBUG] cheese - login => username:admin,password:123456
[2021-11-28T19:23:15.794] [DEBUG] cheese - admin
[2021-11-28T19:23:15.802] [DEBUG] cheese - null
[2021-11-28T19:23:15.802] [DEBUG] cheese - null
[2021-11-28T21:58:06.457] [DEBUG] cheese - login => username:admin,password:123456
[2021-11-28T21:58:06.458] [DEBUG] cheese - admin
[2021-11-28T21:58:06.466] [DEBUG] cheese - null
[2021-11-28T21:58:06.467] [DEBUG] cheese - null
[2021-12-02T15:38:56.878] [DEBUG] cheese - login => username:admin,password:123456
[2021-12-02T15:38:56.879] [DEBUG] cheese - admin
[2021-12-02T15:38:56.888] [DEBUG] cheese - null
[2021-12-02T15:38:56.889] [DEBUG] cheese - null
[2021-12-02T15:59:34.598] [DEBUG] cheese - login => username:admin,password:123456
[2021-12-02T15:59:34.599] [DEBUG] cheese - admin
[2021-12-02T15:59:34.601] [DEBUG] cheese - null
[2021-12-02T15:59:34.601] [DEBUG] cheese - null
[2021-12-02T17:18:44.504] [DEBUG] cheese - login => username:admin,password:123456
[2021-12-02T17:18:44.504] [DEBUG] cheese - admin
[2021-12-02T17:18:44.506] [DEBUG] cheese - null
[2021-12-02T17:18:44.506] [DEBUG] cheese - null
[2021-12-02T17:28:23.873] [DEBUG] cheese - login => username:admin,password:123456
[2021-12-02T17:28:23.874] [DEBUG] cheese - admin
[2021-12-02T17:28:23.875] [DEBUG] cheese - null
[2021-12-02T17:28:23.875] [DEBUG] cheese - null
[2021-12-02T21:30:36.981] [DEBUG] cheese - login => username:admin,password:123456
[2021-12-02T21:30:36.982] [DEBUG] cheese - admin
[2021-12-02T21:30:36.989] [DEBUG] cheese - null
[2021-12-02T21:30:36.990] [DEBUG] cheese - null
[2021-12-02T22:31:29.510] [DEBUG] cheese - login => username:admin,password:123456
[2021-12-02T22:31:29.510] [DEBUG] cheese - admin
[2021-12-02T22:31:29.512] [DEBUG] cheese - null
[2021-12-02T22:31:29.512] [DEBUG] cheese - null
[2021-12-02T23:26:19.507] [DEBUG] cheese - login => username:admin,password:123456
[2021-12-02T23:26:19.508] [DEBUG] cheese - admin
[2021-12-02T23:26:19.515] [DEBUG] cheese - null
[2021-12-02T23:26:19.516] [DEBUG] cheese - null
[2021-12-03T18:51:21.059] [DEBUG] cheese - login => username:admin,password:123456
[2021-12-03T18:51:21.060] [DEBUG] cheese - admin
[2021-12-03T18:51:21.070] [DEBUG] cheese - null
[2021-12-03T18:51:21.071] [DEBUG] cheese - null
[2021-12-03T19:59:44.556] [DEBUG] cheese - login => username:admin,password:123456
[2021-12-03T19:59:44.556] [DEBUG] cheese - admin
[2021-12-03T19:59:44.558] [DEBUG] cheese - null
[2021-12-03T19:59:44.558] [DEBUG] cheese - null
[2021-12-03T19:59:52.718] [DEBUG] cheese - null
[2021-12-10T16:40:42.146] [DEBUG] cheese - login => username:admin,password:123456
[2021-12-10T16:40:42.147] [DEBUG] cheese - admin
[2021-12-10T16:40:42.156] [DEBUG] cheese - null
[2021-12-10T16:40:42.157] [DEBUG] cheese - null
[2021-12-10T16:49:06.203] [DEBUG] cheese - login => username:admin,password:123456
[2021-12-10T16:49:06.203] [DEBUG] cheese - admin
[2021-12-10T16:49:06.205] [DEBUG] cheese - null
[2021-12-10T16:49:06.205] [DEBUG] cheese - null
[2021-12-10T17:50:50.864] [DEBUG] cheese - login => username:admin,password:123456
[2021-12-10T17:50:50.864] [DEBUG] cheese - admin
[2021-12-10T17:50:50.866] [DEBUG] cheese - null
[2021-12-10T17:50:50.866] [DEBUG] cheese - null
[2021-12-10T17:58:01.826] [DEBUG] cheese - null
[2021-12-10T17:58:03.625] [DEBUG] cheese - null
[2021-12-11T09:54:16.030] [DEBUG] cheese - login => username:admin,password:123456
[2021-12-11T09:54:16.031] [DEBUG] cheese - admin
[2021-12-11T09:54:16.041] [DEBUG] cheese - null
[2021-12-11T09:54:16.041] [DEBUG] cheese - null
